{"E:\\GitHub\\acala-test-utils\\src\\suite.ts": {"path":"E:\\GitHub\\acala-test-utils\\src\\suite.ts","statementMap":{"0":{"start":{"line":1,"column":0},"end":{"line":1,"column":64}},"1":{"start":{"line":2,"column":0},"end":{"line":2,"column":31}},"2":{"start":{"line":3,"column":0},"end":{"line":3,"column":45}},"3":{"start":{"line":5,"column":0},"end":{"line":5,"column":54}},"4":{"start":{"line":10,"column":0},"end":{"line":10,"column":44}},"5":{"start":{"line":14,"column":0},"end":{"line":14,"column":13}},"6":{"start":{"line":17,"column":10},"end":{"line":17,"column":30}},"7":{"start":{"line":20,"column":4},"end":{"line":20,"column":51}},"8":{"start":{"line":21,"column":4},"end":{"line":21,"column":53}},"9":{"start":{"line":22,"column":4},"end":{"line":22,"column":37}},"10":{"start":{"line":25,"column":2},"end":{"line":27,"column":null}},"11":{"start":{"line":26,"column":4},"end":{"line":26,"column":31}},"12":{"start":{"line":29,"column":8},"end":{"line":38,"column":null}},"13":{"start":{"line":30,"column":4},"end":{"line":30,"column":26}},"14":{"start":{"line":33,"column":4},"end":{"line":33,"column":38}},"15":{"start":{"line":35,"column":10},"end":{"line":35,"column":46}},"16":{"start":{"line":36,"column":4},"end":{"line":36,"column":9}},"17":{"start":{"line":36,"column":15},"end":{"line":36,"column":62}},"18":{"start":{"line":36,"column":4},"end":{"line":36,"column":62}},"19":{"start":{"line":37,"column":4},"end":{"line":37,"column":33}},"20":{"start":{"line":40,"column":8},"end":{"line":42,"column":null}},"21":{"start":{"line":41,"column":4},"end":{"line":41,"column":28}},"22":{"start":{"line":44,"column":8},"end":{"line":48,"column":null}},"23":{"start":{"line":45,"column":4},"end":{"line":45,"column":27}},"24":{"start":{"line":47,"column":4},"end":{"line":47,"column":14}},"25":{"start":{"line":50,"column":8},"end":{"line":64,"column":null}},"26":{"start":{"line":51,"column":10},"end":{"line":55,"column":6}},"27":{"start":{"line":57,"column":4},"end":{"line":59,"column":null}},"28":{"start":{"line":58,"column":6},"end":{"line":58,"column":61}},"29":{"start":{"line":61,"column":10},"end":{"line":61,"column":53}},"30":{"start":{"line":63,"column":4},"end":{"line":63,"column":52}},"31":{"start":{"line":66,"column":2},"end":{"line":70,"column":null}},"32":{"start":{"line":69,"column":4},"end":{"line":69,"column":72}},"33":{"start":{"line":72,"column":2},"end":{"line":82,"column":null}},"34":{"start":{"line":72,"column":2},"end":{"line":72,"column":14}},"35":{"start":{"line":75,"column":4},"end":{"line":77,"column":null}},"36":{"start":{"line":76,"column":6},"end":{"line":76,"column":46}},"37":{"start":{"line":79,"column":4},"end":{"line":81,"column":6}},"38":{"start":{"line":80,"column":16},"end":{"line":80,"column":null}},"39":{"start":{"line":93,"column":2},"end":{"line":110,"column":null}},"40":{"start":{"line":93,"column":2},"end":{"line":93,"column":6}},"41":{"start":{"line":97,"column":4},"end":{"line":107,"column":null}},"42":{"start":{"line":98,"column":6},"end":{"line":106,"column":11}},"43":{"start":{"line":98,"column":14},"end":{"line":106,"column":8}},"44":{"start":{"line":99,"column":26},"end":{"line":99,"column":null}},"45":{"start":{"line":99,"column":24},"end":{"line":99,"column":null}},"46":{"start":{"line":99,"column":19},"end":{"line":99,"column":24}},"47":{"start":{"line":100,"column":16},"end":{"line":100,"column":51}},"48":{"start":{"line":102,"column":10},"end":{"line":102,"column":21}},"49":{"start":{"line":105,"column":8},"end":{"line":105,"column":20}},"50":{"start":{"line":109,"column":4},"end":{"line":109,"column":75}},"51":{"start":{"line":112,"column":2},"end":{"line":156,"column":null}},"52":{"start":{"line":112,"column":2},"end":{"line":112,"column":12}},"53":{"start":{"line":116,"column":23},"end":{"line":116,"column":46}},"54":{"start":{"line":118,"column":4},"end":{"line":153,"column":7}},"55":{"start":{"line":119,"column":6},"end":{"line":121,"column":null}},"56":{"start":{"line":120,"column":8},"end":{"line":120,"column":33}},"57":{"start":{"line":123,"column":6},"end":{"line":152,"column":null}},"58":{"start":{"line":124,"column":27},"end":{"line":128,"column":12}},"59":{"start":{"line":125,"column":29},"end":{"line":125,"column":36}},"60":{"start":{"line":126,"column":21},"end":{"line":126,"column":30}},"61":{"start":{"line":126,"column":34},"end":{"line":126,"column":36}},"62":{"start":{"line":126,"column":43},"end":{"line":126,"column":45}},"63":{"start":{"line":126,"column":51},"end":{"line":126,"column":53}},"64":{"start":{"line":127,"column":12},"end":{"line":127,"column":72}},"65":{"start":{"line":130,"column":23},"end":{"line":130,"column":25}},"66":{"start":{"line":131,"column":8},"end":{"line":149,"column":null}},"67":{"start":{"line":132,"column":35},"end":{"line":133,"column":57}},"68":{"start":{"line":135,"column":10},"end":{"line":148,"column":null}},"69":{"start":{"line":136,"column":12},"end":{"line":145,"column":null}},"70":{"start":{"line":137,"column":26},"end":{"line":137,"column":48}},"71":{"start":{"line":138,"column":28},"end":{"line":139,"column":null}},"72":{"start":{"line":142,"column":14},"end":{"line":142,"column":58}},"73":{"start":{"line":144,"column":14},"end":{"line":144,"column":41}},"74":{"start":{"line":147,"column":12},"end":{"line":147,"column":39}},"75":{"start":{"line":151,"column":8},"end":{"line":151,"column":36}},"76":{"start":{"line":155,"column":4},"end":{"line":155,"column":30}},"77":{"start":{"line":158,"column":2},"end":{"line":160,"column":null}},"78":{"start":{"line":159,"column":4},"end":{"line":159,"column":25}},"79":{"start":{"line":161,"column":0},"end":{"line":161,"column":null}},"80":{"start":{"line":14,"column":13},"end":{"line":14,"column":18}}},"fnMap":{"0":{"name":"(anonymous_13)","decl":{"start":{"line":14,"column":0},"end":{"line":14,"column":13}},"loc":{"start":{"line":14,"column":0},"end":{"line":161,"column":null}}},"1":{"name":"Suite","decl":{"start":{"line":19,"column":2},"end":{"line":19,"column":null}},"loc":{"start":{"line":19,"column":2},"end":{"line":23,"column":3}}},"2":{"name":"(anonymous_15)","decl":{"start":{"line":25,"column":2},"end":{"line":25,"column":18}},"loc":{"start":{"line":25,"column":32},"end":{"line":27,"column":3}}},"3":{"name":"(anonymous_16)","decl":{"start":{"line":29,"column":2},"end":{"line":29,"column":8}},"loc":{"start":{"line":29,"column":32},"end":{"line":38,"column":null}}},"4":{"name":"(anonymous_19)","decl":{"start":{"line":40,"column":2},"end":{"line":40,"column":8}},"loc":{"start":{"line":40,"column":2},"end":{"line":42,"column":null}}},"5":{"name":"(anonymous_22)","decl":{"start":{"line":44,"column":2},"end":{"line":44,"column":8}},"loc":{"start":{"line":44,"column":36},"end":{"line":48,"column":null}}},"6":{"name":"(anonymous_25)","decl":{"start":{"line":50,"column":2},"end":{"line":50,"column":8}},"loc":{"start":{"line":50,"column":54},"end":{"line":64,"column":null}}},"7":{"name":"(anonymous_28)","decl":{"start":{"line":66,"column":2},"end":{"line":66,"column":13}},"loc":{"start":{"line":67,"column":39},"end":{"line":70,"column":3}}},"8":{"name":"(anonymous_29)","decl":{"start":{"line":72,"column":2},"end":{"line":72,"column":14}},"loc":{"start":{"line":73,"column":42},"end":{"line":82,"column":3}}},"9":{"name":"(anonymous_30)","decl":{"start":{"line":80,"column":6},"end":{"line":80,"column":7}},"loc":{"start":{"line":80,"column":11},"end":{"line":80,"column":20}}},"10":{"name":"(anonymous_31)","decl":{"start":{"line":93,"column":2},"end":{"line":93,"column":6}},"loc":{"start":{"line":95,"column":75},"end":{"line":110,"column":3}}},"11":{"name":"(anonymous_32)","decl":{"start":{"line":98,"column":14},"end":{"line":98,"column":null}},"loc":{"start":{"line":98,"column":14},"end":{"line":106,"column":8}}},"12":{"name":"(anonymous_35)","decl":{"start":{"line":112,"column":2},"end":{"line":112,"column":12}},"loc":{"start":{"line":114,"column":39},"end":{"line":156,"column":3}}},"13":{"name":"(anonymous_36)","decl":{"start":{"line":118,"column":28},"end":{"line":118,"column":29}},"loc":{"start":{"line":118,"column":35},"end":{"line":153,"column":5}}},"14":{"name":"(anonymous_37)","decl":{"start":{"line":125,"column":18},"end":{"line":125,"column":19}},"loc":{"start":{"line":125,"column":24},"end":{"line":125,"column":30}}},"15":{"name":"(anonymous_38)","decl":{"start":{"line":126,"column":18},"end":{"line":126,"column":19}},"loc":{"start":{"line":126,"column":55},"end":{"line":128,"column":11}}},"16":{"name":"(anonymous_39)","decl":{"start":{"line":158,"column":2},"end":{"line":158,"column":5}},"loc":{"start":{"line":158,"column":21},"end":{"line":160,"column":3}}}},"branchMap":{"0":{"loc":{"start":{"line":30,"column":4},"end":{"line":30,"column":26}},"type":"switch","locations":[{"start":{"line":30,"column":4},"end":{"line":30,"column":26}}]},"1":{"loc":{"start":{"line":45,"column":4},"end":{"line":45,"column":27}},"type":"switch","locations":[{"start":{"line":45,"column":4},"end":{"line":45,"column":27}}]},"2":{"loc":{"start":{"line":57,"column":4},"end":{"line":59,"column":null}},"type":"if","locations":[{"start":{"line":57,"column":4},"end":{"line":59,"column":null}},{"start":{"line":57,"column":4},"end":{"line":59,"column":null}}]},"3":{"loc":{"start":{"line":75,"column":4},"end":{"line":77,"column":null}},"type":"if","locations":[{"start":{"line":75,"column":4},"end":{"line":77,"column":null}},{"start":{"line":75,"column":4},"end":{"line":77,"column":null}}]},"4":{"loc":{"start":{"line":97,"column":4},"end":{"line":107,"column":null}},"type":"if","locations":[{"start":{"line":97,"column":4},"end":{"line":107,"column":null}},{"start":{"line":97,"column":4},"end":{"line":107,"column":null}}]},"5":{"loc":{"start":{"line":105,"column":8},"end":{"line":105,"column":20}},"type":"switch","locations":[{"start":{"line":105,"column":8},"end":{"line":105,"column":20}}]},"6":{"loc":{"start":{"line":99,"column":24},"end":{"line":99,"column":null}},"type":"if","locations":[{"start":{"line":99,"column":24},"end":{"line":99,"column":null}},{"start":{"line":99,"column":24},"end":{"line":99,"column":null}}]},"7":{"loc":{"start":{"line":119,"column":6},"end":{"line":121,"column":null}},"type":"if","locations":[{"start":{"line":119,"column":6},"end":{"line":121,"column":null}},{"start":{"line":119,"column":6},"end":{"line":121,"column":null}}]},"8":{"loc":{"start":{"line":123,"column":6},"end":{"line":152,"column":null}},"type":"if","locations":[{"start":{"line":123,"column":6},"end":{"line":152,"column":null}},{"start":{"line":123,"column":6},"end":{"line":152,"column":null}}]},"9":{"loc":{"start":{"line":127,"column":19},"end":{"line":127,"column":39}},"type":"binary-expr","locations":[{"start":{"line":127,"column":19},"end":{"line":127,"column":39}},{"start":{"line":127,"column":43},"end":{"line":127,"column":71}}]},"10":{"loc":{"start":{"line":131,"column":8},"end":{"line":149,"column":null}},"type":"if","locations":[{"start":{"line":131,"column":8},"end":{"line":149,"column":null}},{"start":{"line":131,"column":8},"end":{"line":149,"column":null}}]},"11":{"loc":{"start":{"line":135,"column":10},"end":{"line":148,"column":null}},"type":"if","locations":[{"start":{"line":135,"column":10},"end":{"line":148,"column":null}},{"start":{"line":135,"column":10},"end":{"line":148,"column":null}}]}},"s":{"0":1,"1":1,"2":1,"3":1,"4":1,"5":1,"6":1,"7":1,"8":1,"9":1,"10":1,"11":0,"12":1,"13":2,"14":1,"15":1,"16":1,"17":1,"18":0,"19":0,"20":1,"21":0,"22":1,"23":0,"24":0,"25":1,"26":1,"27":1,"28":0,"29":1,"30":1,"31":1,"32":0,"33":1,"34":0,"35":0,"36":0,"37":0,"38":0,"39":1,"40":0,"41":0,"42":0,"43":0,"44":0,"45":0,"46":0,"47":0,"48":0,"49":0,"50":0,"51":1,"52":0,"53":0,"54":0,"55":0,"56":0,"57":0,"58":0,"59":0,"60":0,"61":0,"62":0,"63":0,"64":0,"65":0,"66":0,"67":0,"68":0,"69":0,"70":0,"71":0,"72":0,"73":0,"74":0,"75":0,"76":0,"77":1,"78":0,"79":1,"80":1},"f":{"0":1,"1":1,"2":0,"3":1,"4":0,"5":0,"6":1,"7":0,"8":0,"9":0,"10":0,"11":0,"12":0,"13":0,"14":0,"15":0,"16":0},"b":{"0":[1],"1":[0],"2":[0,1],"3":[0,0],"4":[0,0],"5":[0],"6":[0,0],"7":[0,0],"8":[0,0],"9":[0,0],"10":[0,0],"11":[0,0]}}
,"E:\\GitHub\\acala-test-utils\\src\\scripts\\dexAddLiquidity.ts": {"path":"E:\\GitHub\\acala-test-utils\\src\\scripts\\dexAddLiquidity.ts","statementMap":{"0":{"start":{"line":1,"column":0},"end":{"line":1,"column":218}},"1":{"start":{"line":9,"column":17},"end":{"line":11,"column":null}},"2":{"start":{"line":9,"column":10},"end":{"line":11,"column":null}},"3":{"start":{"line":12,"column":10},"end":{"line":12,"column":null}},"4":{"start":{"line":13,"column":4},"end":{"line":13,"column":null}},"5":{"start":{"line":14,"column":4},"end":{"line":14,"column":null}},"6":{"start":{"line":8,"column":0},"end":{"line":8,"column":22}},"7":{"start":{"line":18,"column":15},"end":{"line":21,"column":null}},"8":{"start":{"line":23,"column":4},"end":{"line":23,"column":null}},"9":{"start":{"line":17,"column":0},"end":{"line":17,"column":16}},"10":{"start":{"line":28,"column":15},"end":{"line":32,"column":null}},"11":{"start":{"line":34,"column":4},"end":{"line":34,"column":null}},"12":{"start":{"line":27,"column":0},"end":{"line":27,"column":16}},"13":{"start":{"line":39,"column":24},"end":{"line":39,"column":59}},"14":{"start":{"line":40,"column":18},"end":{"line":40,"column":64}},"15":{"start":{"line":41,"column":19},"end":{"line":46,"column":null}},"16":{"start":{"line":48,"column":4},"end":{"line":48,"column":null}},"17":{"start":{"line":38,"column":0},"end":{"line":38,"column":16}},"18":{"start":{"line":54,"column":24},"end":{"line":54,"column":59}},"19":{"start":{"line":55,"column":18},"end":{"line":55,"column":64}},"20":{"start":{"line":56,"column":19},"end":{"line":61,"column":null}},"21":{"start":{"line":63,"column":4},"end":{"line":63,"column":null}},"22":{"start":{"line":53,"column":0},"end":{"line":53,"column":16}},"23":{"start":{"line":68,"column":24},"end":{"line":68,"column":59}},"24":{"start":{"line":69,"column":18},"end":{"line":69,"column":64}},"25":{"start":{"line":70,"column":19},"end":{"line":75,"column":null}},"26":{"start":{"line":77,"column":4},"end":{"line":77,"column":null}},"27":{"start":{"line":67,"column":0},"end":{"line":67,"column":16}},"28":{"start":{"line":82,"column":24},"end":{"line":82,"column":59}},"29":{"start":{"line":83,"column":18},"end":{"line":83,"column":64}},"30":{"start":{"line":85,"column":19},"end":{"line":90,"column":null}},"31":{"start":{"line":92,"column":4},"end":{"line":92,"column":null}},"32":{"start":{"line":81,"column":0},"end":{"line":81,"column":16}},"33":{"start":{"line":97,"column":24},"end":{"line":97,"column":59}},"34":{"start":{"line":98,"column":22},"end":{"line":98,"column":70}},"35":{"start":{"line":99,"column":23},"end":{"line":99,"column":71}},"36":{"start":{"line":101,"column":19},"end":{"line":106,"column":null}},"37":{"start":{"line":108,"column":4},"end":{"line":108,"column":null}},"38":{"start":{"line":96,"column":2},"end":{"line":96,"column":18}},"39":{"start":{"line":114,"column":24},"end":{"line":114,"column":59}},"40":{"start":{"line":115,"column":22},"end":{"line":115,"column":70}},"41":{"start":{"line":116,"column":23},"end":{"line":116,"column":71}},"42":{"start":{"line":118,"column":19},"end":{"line":123,"column":null}},"43":{"start":{"line":125,"column":4},"end":{"line":125,"column":null}},"44":{"start":{"line":113,"column":2},"end":{"line":113,"column":18}},"45":{"start":{"line":131,"column":19},"end":{"line":134,"column":null}},"46":{"start":{"line":131,"column":10},"end":{"line":134,"column":null}},"47":{"start":{"line":135,"column":4},"end":{"line":135,"column":null}},"48":{"start":{"line":130,"column":2},"end":{"line":130,"column":24}}},"fnMap":{"0":{"name":"queryLuidityPool","decl":{"start":{"line":8,"column":22},"end":{"line":8,"column":38}},"loc":{"start":{"line":8,"column":68},"end":{"line":15,"column":null}}},"1":{"name":"dexAddLiquidity","decl":{"start":{"line":17,"column":16},"end":{"line":17,"column":31}},"loc":{"start":{"line":17,"column":120},"end":{"line":24,"column":1}}},"2":{"name":"calcSwapTargetAmount","decl":{"start":{"line":27,"column":16},"end":{"line":27,"column":36}},"loc":{"start":{"line":27,"column":137},"end":{"line":35,"column":1}}},"3":{"name":"supplytOtherToBase","decl":{"start":{"line":38,"column":16},"end":{"line":38,"column":34}},"loc":{"start":{"line":38,"column":122},"end":{"line":50,"column":1}}},"4":{"name":"targetOtherToBase","decl":{"start":{"line":53,"column":16},"end":{"line":53,"column":33}},"loc":{"start":{"line":53,"column":121},"end":{"line":64,"column":1}}},"5":{"name":"supplyBaseToOther","decl":{"start":{"line":67,"column":16},"end":{"line":67,"column":33}},"loc":{"start":{"line":67,"column":120},"end":{"line":78,"column":1}}},"6":{"name":"targetBaseToOther","decl":{"start":{"line":81,"column":16},"end":{"line":81,"column":33}},"loc":{"start":{"line":81,"column":120},"end":{"line":93,"column":3}}},"7":{"name":"supplyOtherToOther","decl":{"start":{"line":96,"column":18},"end":{"line":96,"column":36}},"loc":{"start":{"line":96,"column":127},"end":{"line":109,"column":3}}},"8":{"name":"targetOherToOther","decl":{"start":{"line":113,"column":18},"end":{"line":113,"column":35}},"loc":{"start":{"line":113,"column":127},"end":{"line":126,"column":3}}},"9":{"name":"queryShares","decl":{"start":{"line":130,"column":24},"end":{"line":130,"column":35}},"loc":{"start":{"line":130,"column":82},"end":{"line":136,"column":null}}}},"branchMap":{"0":{"loc":{"start":{"line":9,"column":17},"end":{"line":11,"column":null}},"type":"switch","locations":[{"start":{"line":9,"column":17},"end":{"line":11,"column":null}}]},"1":{"loc":{"start":{"line":131,"column":19},"end":{"line":134,"column":null}},"type":"switch","locations":[{"start":{"line":131,"column":19},"end":{"line":134,"column":null}}]}},"s":{"0":1,"1":0,"2":0,"3":0,"4":0,"5":0,"6":1,"7":0,"8":0,"9":1,"10":0,"11":0,"12":1,"13":0,"14":0,"15":0,"16":0,"17":1,"18":0,"19":0,"20":0,"21":0,"22":1,"23":0,"24":0,"25":0,"26":0,"27":1,"28":0,"29":0,"30":0,"31":0,"32":1,"33":0,"34":0,"35":0,"36":0,"37":0,"38":1,"39":0,"40":0,"41":0,"42":0,"43":0,"44":1,"45":0,"46":0,"47":0,"48":1},"f":{"0":0,"1":0,"2":0,"3":0,"4":0,"5":0,"6":0,"7":0,"8":0,"9":0},"b":{"0":[0],"1":[0]}}
,"E:\\GitHub\\acala-test-utils\\src\\scripts\\updatBalance.ts": {"path":"E:\\GitHub\\acala-test-utils\\src\\scripts\\updatBalance.ts","statementMap":{"0":{"start":{"line":1,"column":0},"end":{"line":1,"column":68}},"1":{"start":{"line":7,"column":10},"end":{"line":11,"column":null}},"2":{"start":{"line":13,"column":4},"end":{"line":16,"column":null}},"3":{"start":{"line":6,"column":0},"end":{"line":6,"column":22}}},"fnMap":{"0":{"name":"updateBalance","decl":{"start":{"line":6,"column":22},"end":{"line":6,"column":35}},"loc":{"start":{"line":6,"column":98},"end":{"line":17,"column":null}}}},"branchMap":{},"s":{"0":1,"1":0,"2":0,"3":1},"f":{"0":0},"b":{}}
,"E:\\GitHub\\acala-test-utils\\src\\utils\\createAccount.ts": {"path":"E:\\GitHub\\acala-test-utils\\src\\utils\\createAccount.ts","statementMap":{"0":{"start":{"line":1,"column":0},"end":{"line":1,"column":57}},"1":{"start":{"line":2,"column":0},"end":{"line":2,"column":44}},"2":{"start":{"line":7,"column":37},"end":{"line":7,"column":66}},"3":{"start":{"line":8,"column":21},"end":{"line":8,"column":39}},"4":{"start":{"line":9,"column":20},"end":{"line":9,"column":33}},"5":{"start":{"line":11,"column":20},"end":{"line":11,"column":65}},"6":{"start":{"line":13,"column":4},"end":{"line":13,"column":31}},"7":{"start":{"line":7,"column":0},"end":{"line":7,"column":16}},"8":{"start":{"line":17,"column":20},"end":{"line":17,"column":33}},"9":{"start":{"line":19,"column":4},"end":{"line":19,"column":45}},"10":{"start":{"line":16,"column":0},"end":{"line":16,"column":16}}},"fnMap":{"0":{"name":"createRandomAccount","decl":{"start":{"line":7,"column":16},"end":{"line":7,"column":35}},"loc":{"start":{"line":7,"column":84},"end":{"line":14,"column":1}}},"1":{"name":"createAccountFromMnemonic","decl":{"start":{"line":16,"column":16},"end":{"line":16,"column":41}},"loc":{"start":{"line":16,"column":59},"end":{"line":20,"column":1}}}},"branchMap":{"0":{"loc":{"start":{"line":7,"column":37},"end":{"line":7,"column":66}},"type":"if","locations":[{"start":{"line":7,"column":37},"end":{"line":7,"column":66}},{"start":{"line":7,"column":37},"end":{"line":7,"column":66}}]}},"s":{"0":1,"1":1,"2":0,"3":0,"4":0,"5":0,"6":0,"7":1,"8":0,"9":0,"10":1},"f":{"0":0,"1":0},"b":{"0":[0,0]}}
,"E:\\GitHub\\acala-test-utils\\src\\utils\\deferred.ts": {"path":"E:\\GitHub\\acala-test-utils\\src\\utils\\deferred.ts","statementMap":{"0":{"start":{"line":1,"column":0},"end":{"line":1,"column":13}},"1":{"start":{"line":6,"column":4},"end":{"line":6,"column":null}},"2":{"start":{"line":7,"column":8},"end":{"line":10,"column":11}},"3":{"start":{"line":8,"column":12},"end":{"line":8,"column":35}},"4":{"start":{"line":9,"column":12},"end":{"line":9,"column":33}},"5":{"start":{"line":12,"column":0},"end":{"line":12,"column":null}},"6":{"start":{"line":1,"column":13},"end":{"line":1,"column":21}}},"fnMap":{"0":{"name":"(anonymous_0)","decl":{"start":{"line":1,"column":0},"end":{"line":1,"column":13}},"loc":{"start":{"line":1,"column":0},"end":{"line":12,"column":null}}},"1":{"name":"Deferred","decl":{"start":{"line":6,"column":4},"end":{"line":6,"column":null}},"loc":{"start":{"line":6,"column":4},"end":{"line":11,"column":5}}},"2":{"name":"(anonymous_2)","decl":{"start":{"line":7,"column":35},"end":{"line":7,"column":36}},"loc":{"start":{"line":7,"column":51},"end":{"line":10,"column":9}}}},"branchMap":{},"s":{"0":1,"1":0,"2":0,"3":0,"4":0,"5":1,"6":1},"f":{"0":1,"1":0,"2":0},"b":{}}
,"E:\\GitHub\\acala-test-utils\\src\\utils\\queryBalance.ts": {"path":"E:\\GitHub\\acala-test-utils\\src\\utils\\queryBalance.ts","statementMap":{"0":{"start":{"line":1,"column":0},"end":{"line":1,"column":68}},"1":{"start":{"line":6,"column":20},"end":{"line":6,"column":null}},"2":{"start":{"line":6,"column":10},"end":{"line":6,"column":null}},"3":{"start":{"line":7,"column":10},"end":{"line":7,"column":null}},"4":{"start":{"line":8,"column":4},"end":{"line":8,"column":null}},"5":{"start":{"line":9,"column":4},"end":{"line":9,"column":null}},"6":{"start":{"line":5,"column":0},"end":{"line":5,"column":22}},"7":{"start":{"line":13,"column":20},"end":{"line":13,"column":null}},"8":{"start":{"line":13,"column":10},"end":{"line":13,"column":null}},"9":{"start":{"line":14,"column":10},"end":{"line":14,"column":null}},"10":{"start":{"line":15,"column":4},"end":{"line":15,"column":25}},"11":{"start":{"line":16,"column":4},"end":{"line":16,"column":null}},"12":{"start":{"line":12,"column":0},"end":{"line":12,"column":22}}},"fnMap":{"0":{"name":"querySystemBalance","decl":{"start":{"line":5,"column":22},"end":{"line":5,"column":40}},"loc":{"start":{"line":5,"column":68},"end":{"line":10,"column":null}}},"1":{"name":"queryTokenBalance","decl":{"start":{"line":12,"column":22},"end":{"line":12,"column":39}},"loc":{"start":{"line":12,"column":82},"end":{"line":17,"column":null}}}},"branchMap":{"0":{"loc":{"start":{"line":6,"column":20},"end":{"line":6,"column":null}},"type":"switch","locations":[{"start":{"line":6,"column":20},"end":{"line":6,"column":null}}]},"1":{"loc":{"start":{"line":13,"column":20},"end":{"line":13,"column":null}},"type":"switch","locations":[{"start":{"line":13,"column":20},"end":{"line":13,"column":null}}]}},"s":{"0":1,"1":0,"2":0,"3":0,"4":0,"5":0,"6":1,"7":0,"8":0,"9":0,"10":0,"11":0,"12":1},"f":{"0":0,"1":0},"b":{"0":[0],"1":[0]}}
}
