TN:
SF:src\suite.ts
FN:14,(anonymous_13)
FN:19,Suite
FN:25,(anonymous_15)
FN:29,(anonymous_16)
FN:40,(anonymous_19)
FN:44,(anonymous_22)
FN:50,(anonymous_25)
FN:66,(anonymous_28)
FN:72,(anonymous_29)
FN:80,(anonymous_30)
FN:93,(anonymous_31)
FN:98,(anonymous_32)
FN:112,(anonymous_35)
FN:118,(anonymous_36)
FN:125,(anonymous_37)
FN:126,(anonymous_38)
FN:158,(anonymous_39)
FNF:17
FNH:4
FNDA:1,(anonymous_13)
FNDA:1,Suite
FNDA:0,(anonymous_15)
FNDA:1,(anonymous_16)
FNDA:0,(anonymous_19)
FNDA:0,(anonymous_22)
FNDA:1,(anonymous_25)
FNDA:0,(anonymous_28)
FNDA:0,(anonymous_29)
FNDA:0,(anonymous_30)
FNDA:0,(anonymous_31)
FNDA:0,(anonymous_32)
FNDA:0,(anonymous_35)
FNDA:0,(anonymous_36)
FNDA:0,(anonymous_37)
FNDA:0,(anonymous_38)
FNDA:0,(anonymous_39)
DA:1,1
DA:2,1
DA:3,1
DA:5,1
DA:10,1
DA:14,1
DA:17,1
DA:20,1
DA:21,1
DA:22,1
DA:25,1
DA:26,0
DA:29,1
DA:30,2
DA:33,1
DA:35,1
DA:36,1
DA:37,0
DA:40,1
DA:41,0
DA:44,1
DA:45,0
DA:47,0
DA:50,1
DA:51,1
DA:57,1
DA:58,0
DA:61,1
DA:63,1
DA:66,1
DA:69,0
DA:72,1
DA:75,0
DA:76,0
DA:79,0
DA:80,0
DA:93,1
DA:97,0
DA:98,0
DA:99,0
DA:100,0
DA:102,0
DA:105,0
DA:109,0
DA:112,1
DA:116,0
DA:118,0
DA:119,0
DA:120,0
DA:123,0
DA:124,0
DA:125,0
DA:126,0
DA:127,0
DA:130,0
DA:131,0
DA:132,0
DA:135,0
DA:136,0
DA:137,0
DA:138,0
DA:142,0
DA:144,0
DA:147,0
DA:151,0
DA:155,0
DA:158,1
DA:159,0
DA:161,1
LF:69
LH:29
BRDA:30,0,0,1
BRDA:45,1,0,0
BRDA:57,2,0,0
BRDA:57,2,1,1
BRDA:75,3,0,0
BRDA:75,3,1,0
BRDA:97,4,0,0
BRDA:97,4,1,0
BRDA:105,5,0,0
BRDA:99,6,0,0
BRDA:99,6,1,0
BRDA:119,7,0,0
BRDA:119,7,1,0
BRDA:123,8,0,0
BRDA:123,8,1,0
BRDA:127,9,0,0
BRDA:127,9,1,0
BRDA:131,10,0,0
BRDA:131,10,1,0
BRDA:135,11,0,0
BRDA:135,11,1,0
BRF:21
BRH:2
end_of_record
TN:
SF:src\scripts\dexAddLiquidity.ts
FN:8,queryLuidityPool
FN:17,dexAddLiquidity
FN:27,calcSwapTargetAmount
FN:38,supplytOtherToBase
FN:53,targetOtherToBase
FN:67,supplyBaseToOther
FN:81,targetBaseToOther
FN:96,supplyOtherToOther
FN:113,targetOherToOther
FN:130,queryShares
FNF:10
FNH:0
FNDA:0,queryLuidityPool
FNDA:0,dexAddLiquidity
FNDA:0,calcSwapTargetAmount
FNDA:0,supplytOtherToBase
FNDA:0,targetOtherToBase
FNDA:0,supplyBaseToOther
FNDA:0,targetBaseToOther
FNDA:0,supplyOtherToOther
FNDA:0,targetOherToOther
FNDA:0,queryShares
DA:1,1
DA:8,1
DA:9,0
DA:12,0
DA:13,0
DA:14,0
DA:17,1
DA:18,0
DA:23,0
DA:27,1
DA:28,0
DA:34,0
DA:38,1
DA:39,0
DA:40,0
DA:41,0
DA:48,0
DA:53,1
DA:54,0
DA:55,0
DA:56,0
DA:63,0
DA:67,1
DA:68,0
DA:69,0
DA:70,0
DA:77,0
DA:81,1
DA:82,0
DA:83,0
DA:85,0
DA:92,0
DA:96,1
DA:97,0
DA:98,0
DA:99,0
DA:101,0
DA:108,0
DA:113,1
DA:114,0
DA:115,0
DA:116,0
DA:118,0
DA:125,0
DA:130,1
DA:131,0
DA:135,0
LF:47
LH:11
BRDA:9,0,0,0
BRDA:131,1,0,0
BRF:2
BRH:0
end_of_record
TN:
SF:src\scripts\updatBalance.ts
FN:6,updateBalance
FNF:1
FNH:0
FNDA:0,updateBalance
DA:1,1
DA:6,1
DA:7,0
DA:13,0
LF:4
LH:2
BRF:0
BRH:0
end_of_record
TN:
SF:src\utils\createAccount.ts
FN:7,createRandomAccount
FN:16,createAccountFromMnemonic
FNF:2
FNH:0
FNDA:0,createRandomAccount
FNDA:0,createAccountFromMnemonic
DA:1,1
DA:2,1
DA:7,1
DA:8,0
DA:9,0
DA:11,0
DA:13,0
DA:16,1
DA:17,0
DA:19,0
LF:10
LH:4
BRDA:7,0,0,0
BRDA:7,0,1,0
BRF:2
BRH:0
end_of_record
TN:
SF:src\utils\deferred.ts
FN:1,(anonymous_0)
FN:6,Deferred
FN:7,(anonymous_2)
FNF:3
FNH:1
FNDA:1,(anonymous_0)
FNDA:0,Deferred
FNDA:0,(anonymous_2)
DA:1,1
DA:6,0
DA:7,0
DA:8,0
DA:9,0
DA:12,1
LF:6
LH:2
BRF:0
BRH:0
end_of_record
TN:
SF:src\utils\queryBalance.ts
FN:5,querySystemBalance
FN:12,queryTokenBalance
FNF:2
FNH:0
FNDA:0,querySystemBalance
FNDA:0,queryTokenBalance
DA:1,1
DA:5,1
DA:6,0
DA:7,0
DA:8,0
DA:9,0
DA:12,1
DA:13,0
DA:14,0
DA:15,0
DA:16,0
LF:11
LH:3
BRDA:6,0,0,0
BRDA:13,1,0,0
BRF:2
BRH:0
end_of_record
